\BOOKMARK [1][-]{Rfn.accumulationRate.1}{accumulationRate}{}% 1
\BOOKMARK [1][-]{Rfn.acfToDf.1}{acfToDf}{}% 2
\BOOKMARK [1][-]{Rfn.aggregateSimulation.1}{aggregateSimulation}{}% 3
\BOOKMARK [1][-]{Rfn.compareSimulations.1}{compareSimulations}{}% 4
\BOOKMARK [1][-]{Rfn.driverA.1}{driverA}{}% 5
\BOOKMARK [1][-]{Rfn.driverB.1}{driverB}{}% 6
\BOOKMARK [1][-]{Rfn.drivers.1}{drivers}{}% 7
\BOOKMARK [1][-]{Rfn.fixParametersTypes.1}{fixParametersTypes}{}% 8
\BOOKMARK [1][-]{Rfn.parameters.1}{parameters}{}% 9
\BOOKMARK [1][-]{Rfn.parametersCheck.1}{parametersCheck}{}% 10
\BOOKMARK [1][-]{Rfn.parametersDataframe.1}{parametersDataframe}{}% 11
\BOOKMARK [1][-]{Rfn.plotAcf.1}{plotAcf}{}% 12
\BOOKMARK [1][-]{Rfn.plotSimulation.1}{plotSimulation}{}% 13
\BOOKMARK [1][-]{Rfn.rescaleVector.1}{rescaleVector}{}% 14
\BOOKMARK [1][-]{Rfn.simulateAccumulationRate.1}{simulateAccumulationRate}{}% 15
\BOOKMARK [1][-]{Rfn.simulateDriver.1}{simulateDriver}{}% 16
\BOOKMARK [1][-]{Rfn.simulateDriverS.1}{simulateDriverS}{}% 17
\BOOKMARK [1][-]{Rfn.simulatePopulation.1}{simulatePopulation}{}% 18
\BOOKMARK [1][-]{Rfn.simulation.1}{simulation}{}% 19
\BOOKMARK [0][-]{index.0}{Index}{}% 20
