Hmm ... looks like a package

This is pdfTeX, Version 3.14159265-2.6-1.40.18 (TeX Live 2017/Debian) (preloaded format=pdflatex)
 restricted \write18 enabled.
entering extended mode
LaTeX2e <2017-04-15>
Babel <3.18> and hyphenation patterns for 84 language(s) loaded.
(./Rd2.tex
(/usr/share/texlive/texmf-dist/tex/latex/base/book.cls
Document Class: book 2014/09/29 v1.4h Standard LaTeX document class
(/usr/share/texlive/texmf-dist/tex/latex/base/bk10.clo))
(/usr/share/R/share/texmf/tex/latex/Rd.sty
(/usr/share/texlive/texmf-dist/tex/latex/base/ifthen.sty)
(/usr/share/texlive/texmf-dist/tex/latex/tools/longtable.sty)
(/usr/share/texlive/texmf-dist/tex/latex/tools/bm.sty)
(/usr/share/texlive/texmf-dist/tex/latex/base/alltt.sty)
(/usr/share/texlive/texmf-dist/tex/latex/tools/verbatim.sty)
(/usr/share/texlive/texmf-dist/tex/latex/url/url.sty)
(/usr/share/texlive/texmf-dist/tex/latex/base/textcomp.sty
(/usr/share/texlive/texmf-dist/tex/latex/base/ts1enc.def))
(/usr/share/texlive/texmf-dist/tex/latex/base/fontenc.sty
(/usr/share/texlive/texmf-dist/tex/latex/base/t1enc.def))
(/usr/share/texlive/texmf-dist/tex/latex/psnfss/times.sty)
(/usr/share/texlive/texmf-dist/tex/latex/inconsolata/zi4.sty
`inconsolata-zi4' v1.112, 2017/01/04 Text macros for Inconsolata (msharpe)
(/usr/share/texlive/texmf-dist/tex/latex/xkeyval/xkeyval.sty
(/usr/share/texlive/texmf-dist/tex/generic/xkeyval/xkeyval.tex
(/usr/share/texlive/texmf-dist/tex/generic/xkeyval/xkvutils.tex
(/usr/share/texlive/texmf-dist/tex/generic/xkeyval/keyval.tex)))))
(/usr/share/texlive/texmf-dist/tex/latex/graphics/color.sty
(/usr/share/texlive/texmf-dist/tex/latex/graphics-cfg/color.cfg)
(/usr/share/texlive/texmf-dist/tex/latex/graphics-def/pdftex.def))
(/usr/share/texlive/texmf-dist/tex/latex/hyperref/hyperref.sty
(/usr/share/texlive/texmf-dist/tex/generic/oberdiek/hobsub-hyperref.sty
(/usr/share/texlive/texmf-dist/tex/generic/oberdiek/hobsub-generic.sty))
(/usr/share/texlive/texmf-dist/tex/generic/ifxetex/ifxetex.sty)
(/usr/share/texlive/texmf-dist/tex/latex/oberdiek/auxhook.sty)
(/usr/share/texlive/texmf-dist/tex/latex/oberdiek/kvoptions.sty)
(/usr/share/texlive/texmf-dist/tex/latex/hyperref/pd1enc.def)
(/usr/share/texlive/texmf-dist/tex/latex/latexconfig/hyperref.cfg))
(/usr/share/texlive/texmf-dist/tex/latex/hyperref/hpdftex.def
(/usr/share/texlive/texmf-dist/tex/latex/oberdiek/rerunfilecheck.sty))

Package hyperref Warning: Option `hyperindex' has already been used,
(hyperref)                setting the option has no effect on input line 366.


Package hyperref Warning: Option `pagebackref' has already been used,
(hyperref)                setting the option has no effect on input line 366.

) (/usr/share/texlive/texmf-dist/tex/latex/base/makeidx.sty)
(/usr/share/texlive/texmf-dist/tex/latex/base/inputenc.sty
(/usr/share/texlive/texmf-dist/tex/latex/base/utf8.def
(/usr/share/texlive/texmf-dist/tex/latex/base/t1enc.dfu)
(/usr/share/texlive/texmf-dist/tex/latex/base/ot1enc.dfu)
(/usr/share/texlive/texmf-dist/tex/latex/base/omsenc.dfu)
(/usr/share/texlive/texmf-dist/tex/latex/base/ts1enc.dfu)))
Writing index file Rd2.idx
No file Rd2.aux.
(/usr/share/texlive/texmf-dist/tex/latex/base/ts1cmr.fd)
(/usr/share/texlive/texmf-dist/tex/latex/psnfss/t1ptm.fd)
(/usr/share/texlive/texmf-dist/tex/context/base/mkii/supp-pdf.mkii
[Loading MPS to PDF converter (version 2006.09.02).]
) (/usr/share/texlive/texmf-dist/tex/latex/hyperref/nameref.sty
(/usr/share/texlive/texmf-dist/tex/generic/oberdiek/gettitlestring.sty))
(/usr/share/texlive/texmf-dist/tex/latex/base/utf8.def)
(/usr/share/texlive/texmf-dist/tex/latex/inconsolata/t1zi4.fd)
(/usr/share/texlive/texmf-dist/tex/latex/psnfss/t1phv.fd)
(/usr/share/texlive/texmf-dist/tex/latex/base/utf8.def) [1{/var/lib/texmf/fonts
/map/pdftex/updmap/pdftex.map}]
(/usr/share/texlive/texmf-dist/tex/latex/psnfss/ts1ptm.fd)
(/usr/share/texlive/texmf-dist/tex/latex/base/utf8.def)
Underfull \hbox (badness 1924) in paragraph at lines 69--69
[]\T1/ptm/m/it/10 Computes tem-po-ral au-to-cor-re-la-tion in a vec-tor, and re
-turns a
[2]
Overfull \hbox (2.25742pt too wide) in paragraph at lines 96--97
[]\T1/ptm/m/n/10 This func-tion com-putes tem-po-ral au-to-cor-re-la-tion of a 
given vec-tor us-ing [][]\T1/zi4/m/n/10 acf[][][]\T1/ptm/m/n/10 , and re-turns 
a dataframe
(/usr/share/texlive/texmf-dist/tex/latex/base/utf8.def) [3] [4]
(/usr/share/texlive/texmf-dist/tex/latex/base/utf8.def) [5]
Overfull \hbox (3.48709pt too wide) in paragraph at lines 255--256
[]\T1/ptm/m/n/10 character string or vec-tor of char-ac-ter strings with these 
pos-si-ble val-ues: "Pollen",

Overfull \hbox (27.03609pt too wide) in paragraph at lines 255--256
\T1/ptm/m/n/10 abil-ity", "Biomass.total", "Biomass.mature", "Biomass.immature"
, "Mor-tal-ity.mature",
[6] (/usr/share/texlive/texmf-dist/tex/latex/base/utf8.def)
(/usr/share/texlive/texmf-dist/tex/latex/base/utf8.def) [7]
(/usr/share/texlive/texmf-dist/tex/latex/base/utf8.def) [8]
(/usr/share/texlive/texmf-dist/tex/latex/base/utf8.def)
Overfull \hbox (16.09818pt too wide) in paragraph at lines 387--388
[]\T1/ptm/m/n/10 It con-verts all columns (but the \T1/zi4/m/n/10 label \T1/ptm
/m/n/10 one) of a pa-ram-e-ters dataframe cre-ated by [][]\T1/zi4/m/n/10 parame
tersDataframe[][][]
(/usr/share/texlive/texmf-dist/tex/latex/base/utf8.def)
Overfull \hbox (16.91698pt too wide) in paragraph at lines 428--429
[]\T1/ptm/m/n/10 A dataframe with the pa-ram-e-ters of 4 vir-tual taxa. This da
taset was gen-er-ated by [][]\T1/zi4/m/n/10 parametersDataframe[][][]
[9] [10] (/usr/share/texlive/texmf-dist/tex/latex/base/utf8.def) [11]
(/usr/share/texlive/texmf-dist/tex/latex/base/utf8.def)
Overfull \hbox (41.27724pt too wide) in paragraph at lines 542--543
[]\T1/ptm/m/n/10 Generates the dataframe struc-ture needed to con-tain the pa-r
am-e-ters used as in-put for the [][]\T1/zi4/m/n/10 simulatePopulation[][][]
[12] [13] (/usr/share/texlive/texmf-dist/tex/latex/base/utf8.def) [14]
(/usr/share/texlive/texmf-dist/tex/latex/base/utf8.def) [15]
(/usr/share/texlive/texmf-dist/tex/latex/base/utf8.def) [16]
(/usr/share/texlive/texmf-dist/tex/latex/base/utf8.def) [17] [18]
(/usr/share/texlive/texmf-dist/tex/latex/base/utf8.def)
Overfull \hbox (48.61838pt too wide) in paragraph at lines 882--883
\T1/zi4/m/n/10 output.max\T1/ptm/m/n/10 . The out-put of this func-tion is in-t
ended to be used as an in-put to the func-tion [][]\T1/zi4/m/n/10 simulatePopul
ation[][][]\T1/ptm/m/n/10 .
[19]
Overfull \hbox (17.408pt too wide) in paragraph at lines 906--907
[]\T1/ptm/m/n/10 numeric, min-i-mum value of the out-put time se-ries. Used as 
in-put for[][]\T1/zi4/m/n/10 rescaleVector[][][]\T1/ptm/m/n/10 .

Overfull \hbox (20.96808pt too wide) in paragraph at lines 908--909
[]\T1/ptm/m/n/10 numeric, max-i-mum value of the out-put time se-ries. Used as 
in-put for [][]\T1/zi4/m/n/10 rescaleVector[][][]\T1/ptm/m/n/10 .

Overfull \hbox (30.3276pt too wide) in paragraph at lines 915--916
\T1/ptm/m/n/10 sired tem-po-ral au-to-cor-re-la-tion are ap-prox-i-mate, but de
-vi-a-tion be-comes higher if \T1/zi4/m/n/10 autocorrelation.length
[20] (/usr/share/texlive/texmf-dist/tex/latex/base/utf8.def) [21]
(/usr/share/texlive/texmf-dist/tex/latex/base/utf8.def)
Overfull \hbox (46.20764pt too wide) in paragraph at lines 1035--1036
[]\T1/ptm/m/n/10 This func-tion takes as in-put a dataframe of pa-ram-e-ters de
fin-ing vir-tual taxa pro-duced by [][]\T1/zi4/m/n/10 parametersDataframe[][][]


Overfull \hbox (6.93987pt too wide) in paragraph at lines 1035--1036
\T1/ptm/m/n/10 and [][]\T1/zi4/m/n/10 fixParametersTypes[][][]\T1/ptm/m/n/10 , 
a driver or drivers gen-er-ated with [][]\T1/zi4/m/n/10 simulateDriver[][][] \T
1/ptm/m/n/10 or [][]\T1/zi4/m/n/10 simulateDriverS[][][]\T1/ptm/m/n/10 ,
[22] [23]
Overfull \hbox (11.08891pt too wide) in paragraph at lines 1073--1074
[]\T1/ptm/m/n/10 dataframe with drivers pro-duced by [][]\T1/zi4/m/n/10 simulat
eDriverS[][][]\T1/ptm/m/n/10 . It should have the columns: 
[24] (/usr/share/texlive/texmf-dist/tex/latex/base/utf8.def) [25]
(/usr/share/texlive/texmf-dist/tex/latex/base/utf8.def) [26]
Overfull \hbox (74.27557pt too wide) in paragraph at lines 1232--1233
\T1/ptm/m/n/10 "Pop-u-la-tion.viable.seeds", "Suit-abil-ity", "Biomass.total", 
"Biomass.mature", "Biomass.immature",

Overfull \hbox (41.33887pt too wide) in paragraph at lines 1237--1238
[]\T1/ptm/m/n/10 This func-tion fits a [][]\T1/zi4/m/n/10 loess[][][] \T1/ptm/m
/n/10 model of the form \T1/zi4/m/n/10 y ~ x\T1/ptm/m/n/10 , where \T1/zi4/m/n/
10 y \T1/ptm/m/n/10 is any col-umn given by \T1/zi4/m/n/10 columns.to.interpola
te

Overfull \hbox (28.57014pt too wide) in paragraph at lines 1237--1238
\T1/ptm/m/n/10 turned by [][]\T1/zi4/m/n/10 aggregateSimulation[][][] \T1/ptm/m
/n/10 (on re-sults of [][]\T1/zi4/m/n/10 simulateAccumulationRate[][][] \T1/ptm
/m/n/10 and [][]\T1/zi4/m/n/10 simulatePopulation[][][]\T1/ptm/m/n/10 ),
[27] [28]
No file Rd2.ind.
[29] (/tmp/Rtmpn1OFWp/Rd2pdf5ae96c29db83/Rd2.aux)

Package rerunfilecheck Warning: File `Rd2.out' has changed.
(rerunfilecheck)                Rerun to get outlines right
(rerunfilecheck)                or use package `bookmark'.

 )
(see the transcript file for additional information)pdfTeX warning (dest): name
{Rfn.loess} has been referenced but does not exist, replaced by a fixed one

pdfTeX warning (dest): name{Rfn.set.seed} has been referenced but does not exis
t, replaced by a fixed one

pdfTeX warning (dest): name{Rfn.ggplot2} has been referenced but does not exist
, replaced by a fixed one

pdfTeX warning (dest): name{Rfn.acf} has been referenced but does not exist, re
placed by a fixed one

{/usr/share/texlive/texmf-dist/fonts/enc/dvips/base/8r.enc}{/usr/share/texlive/
texmf-dist/fonts/enc/dvips/inconsolata/i4-t1-0.enc}</usr/share/texlive/texmf-di
st/fonts/type1/public/inconsolata/Inconsolata-zi4r.pfb></usr/share/texlive/texm
f-dist/fonts/type1/public/amsfonts/cm/cmex10.pfb></usr/share/texlive/texmf-dist
/fonts/type1/public/amsfonts/cm/cmmi10.pfb></usr/share/texlive/texmf-dist/fonts
/type1/public/amsfonts/cm/cmmi7.pfb></usr/share/texlive/texmf-dist/fonts/type1/
public/amsfonts/cm/cmr10.pfb></usr/share/texlive/texmf-dist/fonts/type1/public/
amsfonts/cm/cmsy10.pfb></usr/share/texlive/texmf-dist/fonts/type1/urw/helvetic/
uhvr8a.pfb></usr/share/texlive/texmf-dist/fonts/type1/urw/times/utmb8a.pfb></us
r/share/texlive/texmf-dist/fonts/type1/urw/times/utmr8a.pfb></usr/share/texlive
/texmf-dist/fonts/type1/urw/times/utmr8a.pfb></usr/share/texlive/texmf-dist/fon
ts/type1/urw/times/utmri8a.pfb>
Output written on Rd2.pdf (29 pages, 176008 bytes).
Transcript written on Rd2.log.
This is pdfTeX, Version 3.14159265-2.6-1.40.18 (TeX Live 2017/Debian) (preloaded format=pdflatex)
 restricted \write18 enabled.
entering extended mode
LaTeX2e <2017-04-15>
Babel <3.18> and hyphenation patterns for 84 language(s) loaded.
(./Rd2.tex
(/usr/share/texlive/texmf-dist/tex/latex/base/book.cls
Document Class: book 2014/09/29 v1.4h Standard LaTeX document class
(/usr/share/texlive/texmf-dist/tex/latex/base/bk10.clo))
(/usr/share/R/share/texmf/tex/latex/Rd.sty
(/usr/share/texlive/texmf-dist/tex/latex/base/ifthen.sty)
(/usr/share/texlive/texmf-dist/tex/latex/tools/longtable.sty)
(/usr/share/texlive/texmf-dist/tex/latex/tools/bm.sty)
(/usr/share/texlive/texmf-dist/tex/latex/base/alltt.sty)
(/usr/share/texlive/texmf-dist/tex/latex/tools/verbatim.sty)
(/usr/share/texlive/texmf-dist/tex/latex/url/url.sty)
(/usr/share/texlive/texmf-dist/tex/latex/base/textcomp.sty
(/usr/share/texlive/texmf-dist/tex/latex/base/ts1enc.def))
(/usr/share/texlive/texmf-dist/tex/latex/base/fontenc.sty
(/usr/share/texlive/texmf-dist/tex/latex/base/t1enc.def))
(/usr/share/texlive/texmf-dist/tex/latex/psnfss/times.sty)
(/usr/share/texlive/texmf-dist/tex/latex/inconsolata/zi4.sty
`inconsolata-zi4' v1.112, 2017/01/04 Text macros for Inconsolata (msharpe)
(/usr/share/texlive/texmf-dist/tex/latex/xkeyval/xkeyval.sty
(/usr/share/texlive/texmf-dist/tex/generic/xkeyval/xkeyval.tex
(/usr/share/texlive/texmf-dist/tex/generic/xkeyval/xkvutils.tex
(/usr/share/texlive/texmf-dist/tex/generic/xkeyval/keyval.tex)))))
(/usr/share/texlive/texmf-dist/tex/latex/graphics/color.sty
(/usr/share/texlive/texmf-dist/tex/latex/graphics-cfg/color.cfg)
(/usr/share/texlive/texmf-dist/tex/latex/graphics-def/pdftex.def))
(/usr/share/texlive/texmf-dist/tex/latex/hyperref/hyperref.sty
(/usr/share/texlive/texmf-dist/tex/generic/oberdiek/hobsub-hyperref.sty
(/usr/share/texlive/texmf-dist/tex/generic/oberdiek/hobsub-generic.sty))
(/usr/share/texlive/texmf-dist/tex/generic/ifxetex/ifxetex.sty)
(/usr/share/texlive/texmf-dist/tex/latex/oberdiek/auxhook.sty)
(/usr/share/texlive/texmf-dist/tex/latex/oberdiek/kvoptions.sty)
(/usr/share/texlive/texmf-dist/tex/latex/hyperref/pd1enc.def)
(/usr/share/texlive/texmf-dist/tex/latex/latexconfig/hyperref.cfg))
(/usr/share/texlive/texmf-dist/tex/latex/hyperref/hpdftex.def
(/usr/share/texlive/texmf-dist/tex/latex/oberdiek/rerunfilecheck.sty))

Package hyperref Warning: Option `hyperindex' has already been used,
(hyperref)                setting the option has no effect on input line 366.


Package hyperref Warning: Option `pagebackref' has already been used,
(hyperref)                setting the option has no effect on input line 366.

) (/usr/share/texlive/texmf-dist/tex/latex/base/makeidx.sty)
(/usr/share/texlive/texmf-dist/tex/latex/base/inputenc.sty
(/usr/share/texlive/texmf-dist/tex/latex/base/utf8.def
(/usr/share/texlive/texmf-dist/tex/latex/base/t1enc.dfu)
(/usr/share/texlive/texmf-dist/tex/latex/base/ot1enc.dfu)
(/usr/share/texlive/texmf-dist/tex/latex/base/omsenc.dfu)
(/usr/share/texlive/texmf-dist/tex/latex/base/ts1enc.dfu)))
Writing index file Rd2.idx
(/tmp/Rtmpn1OFWp/Rd2pdf5ae96c29db83/Rd2.aux)
(/usr/share/texlive/texmf-dist/tex/latex/base/ts1cmr.fd)
(/usr/share/texlive/texmf-dist/tex/latex/psnfss/t1ptm.fd)
(/usr/share/texlive/texmf-dist/tex/context/base/mkii/supp-pdf.mkii
[Loading MPS to PDF converter (version 2006.09.02).]
) (/usr/share/texlive/texmf-dist/tex/latex/hyperref/nameref.sty
(/usr/share/texlive/texmf-dist/tex/generic/oberdiek/gettitlestring.sty))
(/tmp/Rtmpn1OFWp/Rd2pdf5ae96c29db83/Rd2.out)
(/tmp/Rtmpn1OFWp/Rd2pdf5ae96c29db83/Rd2.out)
(/usr/share/texlive/texmf-dist/tex/latex/base/utf8.def)
(/usr/share/texlive/texmf-dist/tex/latex/inconsolata/t1zi4.fd)
(/usr/share/texlive/texmf-dist/tex/latex/psnfss/t1phv.fd)
(/tmp/Rtmpn1OFWp/Rd2pdf5ae96c29db83/Rd2.toc [1{/var/lib/texmf/fonts/map/pdftex/
updmap/pdftex.map}]) (/usr/share/texlive/texmf-dist/tex/latex/base/utf8.def)
(/usr/share/texlive/texmf-dist/tex/latex/psnfss/ts1ptm.fd)
(/usr/share/texlive/texmf-dist/tex/latex/base/utf8.def)
Underfull \hbox (badness 1924) in paragraph at lines 69--69
[]\T1/ptm/m/it/10 Computes tem-po-ral au-to-cor-re-la-tion in a vec-tor, and re
-turns a
[2]
Overfull \hbox (2.25742pt too wide) in paragraph at lines 96--97
[]\T1/ptm/m/n/10 This func-tion com-putes tem-po-ral au-to-cor-re-la-tion of a 
given vec-tor us-ing [][]\T1/zi4/m/n/10 acf[][][]\T1/ptm/m/n/10 , and re-turns 
a dataframe
[3] (/usr/share/texlive/texmf-dist/tex/latex/base/utf8.def) [4] [5]
(/usr/share/texlive/texmf-dist/tex/latex/base/utf8.def)
Overfull \hbox (3.48709pt too wide) in paragraph at lines 255--256
[]\T1/ptm/m/n/10 character string or vec-tor of char-ac-ter strings with these 
pos-si-ble val-ues: "Pollen",

Overfull \hbox (27.03609pt too wide) in paragraph at lines 255--256
\T1/ptm/m/n/10 abil-ity", "Biomass.total", "Biomass.mature", "Biomass.immature"
, "Mor-tal-ity.mature",
[6] (/usr/share/texlive/texmf-dist/tex/latex/base/utf8.def) [7]
(/usr/share/texlive/texmf-dist/tex/latex/base/utf8.def)
(/usr/share/texlive/texmf-dist/tex/latex/base/utf8.def) [8]
(/usr/share/texlive/texmf-dist/tex/latex/base/utf8.def)
Overfull \hbox (16.09818pt too wide) in paragraph at lines 387--388
[]\T1/ptm/m/n/10 It con-verts all columns (but the \T1/zi4/m/n/10 label \T1/ptm
/m/n/10 one) of a pa-ram-e-ters dataframe cre-ated by [][]\T1/zi4/m/n/10 parame
tersDataframe[][][]
[9] (/usr/share/texlive/texmf-dist/tex/latex/base/utf8.def)
Overfull \hbox (16.91698pt too wide) in paragraph at lines 428--429
[]\T1/ptm/m/n/10 A dataframe with the pa-ram-e-ters of 4 vir-tual taxa. This da
taset was gen-er-ated by [][]\T1/zi4/m/n/10 parametersDataframe[][][]
[10] (/usr/share/texlive/texmf-dist/tex/latex/base/utf8.def) [11]
(/usr/share/texlive/texmf-dist/tex/latex/base/utf8.def)
Overfull \hbox (41.27724pt too wide) in paragraph at lines 542--543
[]\T1/ptm/m/n/10 Generates the dataframe struc-ture needed to con-tain the pa-r
am-e-ters used as in-put for the [][]\T1/zi4/m/n/10 simulatePopulation[][][]
[12] [13] (/usr/share/texlive/texmf-dist/tex/latex/base/utf8.def) [14]
(/usr/share/texlive/texmf-dist/tex/latex/base/utf8.def) [15]
(/usr/share/texlive/texmf-dist/tex/latex/base/utf8.def) [16] [17]
(/usr/share/texlive/texmf-dist/tex/latex/base/utf8.def) [18]
(/usr/share/texlive/texmf-dist/tex/latex/base/utf8.def)
Overfull \hbox (48.61838pt too wide) in paragraph at lines 882--883
\T1/zi4/m/n/10 output.max\T1/ptm/m/n/10 . The out-put of this func-tion is in-t
ended to be used as an in-put to the func-tion [][]\T1/zi4/m/n/10 simulatePopul
ation[][][]\T1/ptm/m/n/10 .
[19]
Overfull \hbox (17.408pt too wide) in paragraph at lines 906--907
[]\T1/ptm/m/n/10 numeric, min-i-mum value of the out-put time se-ries. Used as 
in-put for[][]\T1/zi4/m/n/10 rescaleVector[][][]\T1/ptm/m/n/10 .

Overfull \hbox (20.96808pt too wide) in paragraph at lines 908--909
[]\T1/ptm/m/n/10 numeric, max-i-mum value of the out-put time se-ries. Used as 
in-put for [][]\T1/zi4/m/n/10 rescaleVector[][][]\T1/ptm/m/n/10 .

Overfull \hbox (30.3276pt too wide) in paragraph at lines 915--916
\T1/ptm/m/n/10 sired tem-po-ral au-to-cor-re-la-tion are ap-prox-i-mate, but de
-vi-a-tion be-comes higher if \T1/zi4/m/n/10 autocorrelation.length
[20] (/usr/share/texlive/texmf-dist/tex/latex/base/utf8.def) [21] [22]
(/usr/share/texlive/texmf-dist/tex/latex/base/utf8.def)
Overfull \hbox (46.20764pt too wide) in paragraph at lines 1035--1036
[]\T1/ptm/m/n/10 This func-tion takes as in-put a dataframe of pa-ram-e-ters de
fin-ing vir-tual taxa pro-duced by [][]\T1/zi4/m/n/10 parametersDataframe[][][]


Overfull \hbox (6.93987pt too wide) in paragraph at lines 1035--1036
\T1/ptm/m/n/10 and [][]\T1/zi4/m/n/10 fixParametersTypes[][][]\T1/ptm/m/n/10 , 
a driver or drivers gen-er-ated with [][]\T1/zi4/m/n/10 simulateDriver[][][] \T
1/ptm/m/n/10 or [][]\T1/zi4/m/n/10 simulateDriverS[][][]\T1/ptm/m/n/10 ,
[23]
Overfull \hbox (11.08891pt too wide) in paragraph at lines 1073--1074
[]\T1/ptm/m/n/10 dataframe with drivers pro-duced by [][]\T1/zi4/m/n/10 simulat
eDriverS[][][]\T1/ptm/m/n/10 . It should have the columns: 
[24] [25] (/usr/share/texlive/texmf-dist/tex/latex/base/utf8.def)
(/usr/share/texlive/texmf-dist/tex/latex/base/utf8.def) [26]
Overfull \hbox (74.27557pt too wide) in paragraph at lines 1232--1233
\T1/ptm/m/n/10 "Pop-u-la-tion.viable.seeds", "Suit-abil-ity", "Biomass.total", 
"Biomass.mature", "Biomass.immature",

Overfull \hbox (41.33887pt too wide) in paragraph at lines 1237--1238
[]\T1/ptm/m/n/10 This func-tion fits a [][]\T1/zi4/m/n/10 loess[][][] \T1/ptm/m
/n/10 model of the form \T1/zi4/m/n/10 y ~ x\T1/ptm/m/n/10 , where \T1/zi4/m/n/
10 y \T1/ptm/m/n/10 is any col-umn given by \T1/zi4/m/n/10 columns.to.interpola
te

Overfull \hbox (28.57014pt too wide) in paragraph at lines 1237--1238
\T1/ptm/m/n/10 turned by [][]\T1/zi4/m/n/10 aggregateSimulation[][][] \T1/ptm/m
/n/10 (on re-sults of [][]\T1/zi4/m/n/10 simulateAccumulationRate[][][] \T1/ptm
/m/n/10 and [][]\T1/zi4/m/n/10 simulatePopulation[][][]\T1/ptm/m/n/10 ),
[27] [28]
No file Rd2.ind.
[29] (/tmp/Rtmpn1OFWp/Rd2pdf5ae96c29db83/Rd2.aux) )
(see the transcript file for additional information)pdfTeX warning (dest): name
{Rfn.loess} has been referenced but does not exist, replaced by a fixed one

pdfTeX warning (dest): name{Rfn.set.seed} has been referenced but does not exis
t, replaced by a fixed one

pdfTeX warning (dest): name{Rfn.ggplot2} has been referenced but does not exist
, replaced by a fixed one

pdfTeX warning (dest): name{Rfn.acf} has been referenced but does not exist, re
placed by a fixed one

{/usr/share/texlive/texmf-dist/fonts/enc/dvips/base/8r.enc}{/usr/share/texlive/
texmf-dist/fonts/enc/dvips/inconsolata/i4-t1-0.enc}</usr/share/texlive/texmf-di
st/fonts/type1/public/inconsolata/Inconsolata-zi4r.pfb></usr/share/texlive/texm
f-dist/fonts/type1/public/amsfonts/cm/cmex10.pfb></usr/share/texlive/texmf-dist
/fonts/type1/public/amsfonts/cm/cmmi10.pfb></usr/share/texlive/texmf-dist/fonts
/type1/public/amsfonts/cm/cmmi7.pfb></usr/share/texlive/texmf-dist/fonts/type1/
public/amsfonts/cm/cmr10.pfb></usr/share/texlive/texmf-dist/fonts/type1/public/
amsfonts/cm/cmsy10.pfb></usr/share/texlive/texmf-dist/fonts/type1/urw/helvetic/
uhvr8a.pfb></usr/share/texlive/texmf-dist/fonts/type1/urw/times/utmb8a.pfb></us
r/share/texlive/texmf-dist/fonts/type1/urw/times/utmr8a.pfb></usr/share/texlive
/texmf-dist/fonts/type1/urw/times/utmr8a.pfb></usr/share/texlive/texmf-dist/fon
ts/type1/urw/times/utmri8a.pfb>
Output written on Rd2.pdf (29 pages, 178628 bytes).
Transcript written on Rd2.log.
This is makeindex, version 2.15 [TeX Live 2017] (kpathsea + Thai support).
Scanning input file Rd2.idx....done (140 entries accepted, 0 rejected).
Sorting entries....done (1092 comparisons).
Generating output file Rd2.ind....done (97 lines written, 2 warnings).
Output written in Rd2.ind.
Transcript written in Rd2.ilg.
This is pdfTeX, Version 3.14159265-2.6-1.40.18 (TeX Live 2017/Debian) (preloaded format=pdflatex)
 restricted \write18 enabled.
entering extended mode
LaTeX2e <2017-04-15>
Babel <3.18> and hyphenation patterns for 84 language(s) loaded.
(./Rd2.tex
(/usr/share/texlive/texmf-dist/tex/latex/base/book.cls
Document Class: book 2014/09/29 v1.4h Standard LaTeX document class
(/usr/share/texlive/texmf-dist/tex/latex/base/bk10.clo))
(/usr/share/R/share/texmf/tex/latex/Rd.sty
(/usr/share/texlive/texmf-dist/tex/latex/base/ifthen.sty)
(/usr/share/texlive/texmf-dist/tex/latex/tools/longtable.sty)
(/usr/share/texlive/texmf-dist/tex/latex/tools/bm.sty)
(/usr/share/texlive/texmf-dist/tex/latex/base/alltt.sty)
(/usr/share/texlive/texmf-dist/tex/latex/tools/verbatim.sty)
(/usr/share/texlive/texmf-dist/tex/latex/url/url.sty)
(/usr/share/texlive/texmf-dist/tex/latex/base/textcomp.sty
(/usr/share/texlive/texmf-dist/tex/latex/base/ts1enc.def))
(/usr/share/texlive/texmf-dist/tex/latex/base/fontenc.sty
(/usr/share/texlive/texmf-dist/tex/latex/base/t1enc.def))
(/usr/share/texlive/texmf-dist/tex/latex/psnfss/times.sty)
(/usr/share/texlive/texmf-dist/tex/latex/inconsolata/zi4.sty
`inconsolata-zi4' v1.112, 2017/01/04 Text macros for Inconsolata (msharpe)
(/usr/share/texlive/texmf-dist/tex/latex/xkeyval/xkeyval.sty
(/usr/share/texlive/texmf-dist/tex/generic/xkeyval/xkeyval.tex
(/usr/share/texlive/texmf-dist/tex/generic/xkeyval/xkvutils.tex
(/usr/share/texlive/texmf-dist/tex/generic/xkeyval/keyval.tex)))))
(/usr/share/texlive/texmf-dist/tex/latex/graphics/color.sty
(/usr/share/texlive/texmf-dist/tex/latex/graphics-cfg/color.cfg)
(/usr/share/texlive/texmf-dist/tex/latex/graphics-def/pdftex.def))
(/usr/share/texlive/texmf-dist/tex/latex/hyperref/hyperref.sty
(/usr/share/texlive/texmf-dist/tex/generic/oberdiek/hobsub-hyperref.sty
(/usr/share/texlive/texmf-dist/tex/generic/oberdiek/hobsub-generic.sty))
(/usr/share/texlive/texmf-dist/tex/generic/ifxetex/ifxetex.sty)
(/usr/share/texlive/texmf-dist/tex/latex/oberdiek/auxhook.sty)
(/usr/share/texlive/texmf-dist/tex/latex/oberdiek/kvoptions.sty)
(/usr/share/texlive/texmf-dist/tex/latex/hyperref/pd1enc.def)
(/usr/share/texlive/texmf-dist/tex/latex/latexconfig/hyperref.cfg))
(/usr/share/texlive/texmf-dist/tex/latex/hyperref/hpdftex.def
(/usr/share/texlive/texmf-dist/tex/latex/oberdiek/rerunfilecheck.sty))

Package hyperref Warning: Option `hyperindex' has already been used,
(hyperref)                setting the option has no effect on input line 366.


Package hyperref Warning: Option `pagebackref' has already been used,
(hyperref)                setting the option has no effect on input line 366.

) (/usr/share/texlive/texmf-dist/tex/latex/base/makeidx.sty)
(/usr/share/texlive/texmf-dist/tex/latex/base/inputenc.sty
(/usr/share/texlive/texmf-dist/tex/latex/base/utf8.def
(/usr/share/texlive/texmf-dist/tex/latex/base/t1enc.dfu)
(/usr/share/texlive/texmf-dist/tex/latex/base/ot1enc.dfu)
(/usr/share/texlive/texmf-dist/tex/latex/base/omsenc.dfu)
(/usr/share/texlive/texmf-dist/tex/latex/base/ts1enc.dfu)))
Writing index file Rd2.idx
(/tmp/Rtmpn1OFWp/Rd2pdf5ae96c29db83/Rd2.aux)
(/usr/share/texlive/texmf-dist/tex/latex/base/ts1cmr.fd)
(/usr/share/texlive/texmf-dist/tex/latex/psnfss/t1ptm.fd)
(/usr/share/texlive/texmf-dist/tex/context/base/mkii/supp-pdf.mkii
[Loading MPS to PDF converter (version 2006.09.02).]
) (/usr/share/texlive/texmf-dist/tex/latex/hyperref/nameref.sty
(/usr/share/texlive/texmf-dist/tex/generic/oberdiek/gettitlestring.sty))
(/tmp/Rtmpn1OFWp/Rd2pdf5ae96c29db83/Rd2.out)
(/tmp/Rtmpn1OFWp/Rd2pdf5ae96c29db83/Rd2.out)
(/usr/share/texlive/texmf-dist/tex/latex/base/utf8.def)
(/usr/share/texlive/texmf-dist/tex/latex/inconsolata/t1zi4.fd)
(/usr/share/texlive/texmf-dist/tex/latex/psnfss/t1phv.fd)
(/tmp/Rtmpn1OFWp/Rd2pdf5ae96c29db83/Rd2.toc [1{/var/lib/texmf/fonts/map/pdftex/
updmap/pdftex.map}]) (/usr/share/texlive/texmf-dist/tex/latex/base/utf8.def)
(/usr/share/texlive/texmf-dist/tex/latex/psnfss/ts1ptm.fd)
(/usr/share/texlive/texmf-dist/tex/latex/base/utf8.def)
Underfull \hbox (badness 1924) in paragraph at lines 69--69
[]\T1/ptm/m/it/10 Computes tem-po-ral au-to-cor-re-la-tion in a vec-tor, and re
-turns a
[2]
Overfull \hbox (2.25742pt too wide) in paragraph at lines 96--97
[]\T1/ptm/m/n/10 This func-tion com-putes tem-po-ral au-to-cor-re-la-tion of a 
given vec-tor us-ing [][]\T1/zi4/m/n/10 acf[][][]\T1/ptm/m/n/10 , and re-turns 
a dataframe
[3] (/usr/share/texlive/texmf-dist/tex/latex/base/utf8.def) [4] [5]
(/usr/share/texlive/texmf-dist/tex/latex/base/utf8.def)
Overfull \hbox (3.48709pt too wide) in paragraph at lines 255--256
[]\T1/ptm/m/n/10 character string or vec-tor of char-ac-ter strings with these 
pos-si-ble val-ues: "Pollen",

Overfull \hbox (27.03609pt too wide) in paragraph at lines 255--256
\T1/ptm/m/n/10 abil-ity", "Biomass.total", "Biomass.mature", "Biomass.immature"
, "Mor-tal-ity.mature",
[6] (/usr/share/texlive/texmf-dist/tex/latex/base/utf8.def) [7]
(/usr/share/texlive/texmf-dist/tex/latex/base/utf8.def)
(/usr/share/texlive/texmf-dist/tex/latex/base/utf8.def) [8]
(/usr/share/texlive/texmf-dist/tex/latex/base/utf8.def)
Overfull \hbox (16.09818pt too wide) in paragraph at lines 387--388
[]\T1/ptm/m/n/10 It con-verts all columns (but the \T1/zi4/m/n/10 label \T1/ptm
/m/n/10 one) of a pa-ram-e-ters dataframe cre-ated by [][]\T1/zi4/m/n/10 parame
tersDataframe[][][]
[9] (/usr/share/texlive/texmf-dist/tex/latex/base/utf8.def)
Overfull \hbox (16.91698pt too wide) in paragraph at lines 428--429
[]\T1/ptm/m/n/10 A dataframe with the pa-ram-e-ters of 4 vir-tual taxa. This da
taset was gen-er-ated by [][]\T1/zi4/m/n/10 parametersDataframe[][][]
[10] (/usr/share/texlive/texmf-dist/tex/latex/base/utf8.def) [11]
(/usr/share/texlive/texmf-dist/tex/latex/base/utf8.def)
Overfull \hbox (41.27724pt too wide) in paragraph at lines 542--543
[]\T1/ptm/m/n/10 Generates the dataframe struc-ture needed to con-tain the pa-r
am-e-ters used as in-put for the [][]\T1/zi4/m/n/10 simulatePopulation[][][]
[12] [13] (/usr/share/texlive/texmf-dist/tex/latex/base/utf8.def) [14]
(/usr/share/texlive/texmf-dist/tex/latex/base/utf8.def) [15]
(/usr/share/texlive/texmf-dist/tex/latex/base/utf8.def) [16] [17]
(/usr/share/texlive/texmf-dist/tex/latex/base/utf8.def) [18]
(/usr/share/texlive/texmf-dist/tex/latex/base/utf8.def)
Overfull \hbox (48.61838pt too wide) in paragraph at lines 882--883
\T1/zi4/m/n/10 output.max\T1/ptm/m/n/10 . The out-put of this func-tion is in-t
ended to be used as an in-put to the func-tion [][]\T1/zi4/m/n/10 simulatePopul
ation[][][]\T1/ptm/m/n/10 .
[19]
Overfull \hbox (17.408pt too wide) in paragraph at lines 906--907
[]\T1/ptm/m/n/10 numeric, min-i-mum value of the out-put time se-ries. Used as 
in-put for[][]\T1/zi4/m/n/10 rescaleVector[][][]\T1/ptm/m/n/10 .

Overfull \hbox (20.96808pt too wide) in paragraph at lines 908--909
[]\T1/ptm/m/n/10 numeric, max-i-mum value of the out-put time se-ries. Used as 
in-put for [][]\T1/zi4/m/n/10 rescaleVector[][][]\T1/ptm/m/n/10 .

Overfull \hbox (30.3276pt too wide) in paragraph at lines 915--916
\T1/ptm/m/n/10 sired tem-po-ral au-to-cor-re-la-tion are ap-prox-i-mate, but de
-vi-a-tion be-comes higher if \T1/zi4/m/n/10 autocorrelation.length
[20] (/usr/share/texlive/texmf-dist/tex/latex/base/utf8.def) [21] [22]
(/usr/share/texlive/texmf-dist/tex/latex/base/utf8.def)
Overfull \hbox (46.20764pt too wide) in paragraph at lines 1035--1036
[]\T1/ptm/m/n/10 This func-tion takes as in-put a dataframe of pa-ram-e-ters de
fin-ing vir-tual taxa pro-duced by [][]\T1/zi4/m/n/10 parametersDataframe[][][]


Overfull \hbox (6.93987pt too wide) in paragraph at lines 1035--1036
\T1/ptm/m/n/10 and [][]\T1/zi4/m/n/10 fixParametersTypes[][][]\T1/ptm/m/n/10 , 
a driver or drivers gen-er-ated with [][]\T1/zi4/m/n/10 simulateDriver[][][] \T
1/ptm/m/n/10 or [][]\T1/zi4/m/n/10 simulateDriverS[][][]\T1/ptm/m/n/10 ,
[23]
Overfull \hbox (11.08891pt too wide) in paragraph at lines 1073--1074
[]\T1/ptm/m/n/10 dataframe with drivers pro-duced by [][]\T1/zi4/m/n/10 simulat
eDriverS[][][]\T1/ptm/m/n/10 . It should have the columns: 
[24] [25] (/usr/share/texlive/texmf-dist/tex/latex/base/utf8.def)
(/usr/share/texlive/texmf-dist/tex/latex/base/utf8.def) [26]
Overfull \hbox (74.27557pt too wide) in paragraph at lines 1232--1233
\T1/ptm/m/n/10 "Pop-u-la-tion.viable.seeds", "Suit-abil-ity", "Biomass.total", 
"Biomass.mature", "Biomass.immature",

Overfull \hbox (41.33887pt too wide) in paragraph at lines 1237--1238
[]\T1/ptm/m/n/10 This func-tion fits a [][]\T1/zi4/m/n/10 loess[][][] \T1/ptm/m
/n/10 model of the form \T1/zi4/m/n/10 y ~ x\T1/ptm/m/n/10 , where \T1/zi4/m/n/
10 y \T1/ptm/m/n/10 is any col-umn given by \T1/zi4/m/n/10 columns.to.interpola
te

Overfull \hbox (28.57014pt too wide) in paragraph at lines 1237--1238
\T1/ptm/m/n/10 turned by [][]\T1/zi4/m/n/10 aggregateSimulation[][][] \T1/ptm/m
/n/10 (on re-sults of [][]\T1/zi4/m/n/10 simulateAccumulationRate[][][] \T1/ptm
/m/n/10 and [][]\T1/zi4/m/n/10 simulatePopulation[][][]\T1/ptm/m/n/10 ),
[27] [28] (/tmp/Rtmpn1OFWp/Rd2pdf5ae96c29db83/Rd2.ind [29] [30])
(/tmp/Rtmpn1OFWp/Rd2pdf5ae96c29db83/Rd2.aux)

Package rerunfilecheck Warning: File `Rd2.out' has changed.
(rerunfilecheck)                Rerun to get outlines right
(rerunfilecheck)                or use package `bookmark'.

 )
(see the transcript file for additional information)pdfTeX warning (dest): name
{Rfn.loess} has been referenced but does not exist, replaced by a fixed one

pdfTeX warning (dest): name{Rfn.set.seed} has been referenced but does not exis
t, replaced by a fixed one

pdfTeX warning (dest): name{Rfn.ggplot2} has been referenced but does not exist
, replaced by a fixed one

pdfTeX warning (dest): name{Rfn.acf} has been referenced but does not exist, re
placed by a fixed one

{/usr/share/texlive/texmf-dist/fonts/enc/dvips/base/8r.enc}{/usr/share/texlive/
texmf-dist/fonts/enc/dvips/inconsolata/i4-t1-0.enc}</usr/share/texlive/texmf-di
st/fonts/type1/public/inconsolata/Inconsolata-zi4r.pfb></usr/share/texlive/texm
f-dist/fonts/type1/public/amsfonts/cm/cmex10.pfb></usr/share/texlive/texmf-dist
/fonts/type1/public/amsfonts/cm/cmmi10.pfb></usr/share/texlive/texmf-dist/fonts
/type1/public/amsfonts/cm/cmmi7.pfb></usr/share/texlive/texmf-dist/fonts/type1/
public/amsfonts/cm/cmr10.pfb></usr/share/texlive/texmf-dist/fonts/type1/public/
amsfonts/cm/cmsy10.pfb></usr/share/texlive/texmf-dist/fonts/type1/urw/helvetic/
uhvr8a.pfb></usr/share/texlive/texmf-dist/fonts/type1/urw/times/utmb8a.pfb></us
r/share/texlive/texmf-dist/fonts/type1/urw/times/utmr8a.pfb></usr/share/texlive
/texmf-dist/fonts/type1/urw/times/utmr8a.pfb></usr/share/texlive/texmf-dist/fon
ts/type1/urw/times/utmri8a.pfb>
Output written on Rd2.pdf (30 pages, 183950 bytes).
Transcript written on Rd2.log.
This is makeindex, version 2.15 [TeX Live 2017] (kpathsea + Thai support).
Scanning input file Rd2.idx....done (140 entries accepted, 0 rejected).
Sorting entries....done (1092 comparisons).
Generating output file Rd2.ind....done (97 lines written, 2 warnings).
Output written in Rd2.ind.
Transcript written in Rd2.ilg.
This is pdfTeX, Version 3.14159265-2.6-1.40.18 (TeX Live 2017/Debian) (preloaded format=pdflatex)
 restricted \write18 enabled.
entering extended mode
LaTeX2e <2017-04-15>
Babel <3.18> and hyphenation patterns for 84 language(s) loaded.
(./Rd2.tex
(/usr/share/texlive/texmf-dist/tex/latex/base/book.cls
Document Class: book 2014/09/29 v1.4h Standard LaTeX document class
(/usr/share/texlive/texmf-dist/tex/latex/base/bk10.clo))
(/usr/share/R/share/texmf/tex/latex/Rd.sty
(/usr/share/texlive/texmf-dist/tex/latex/base/ifthen.sty)
(/usr/share/texlive/texmf-dist/tex/latex/tools/longtable.sty)
(/usr/share/texlive/texmf-dist/tex/latex/tools/bm.sty)
(/usr/share/texlive/texmf-dist/tex/latex/base/alltt.sty)
(/usr/share/texlive/texmf-dist/tex/latex/tools/verbatim.sty)
(/usr/share/texlive/texmf-dist/tex/latex/url/url.sty)
(/usr/share/texlive/texmf-dist/tex/latex/base/textcomp.sty
(/usr/share/texlive/texmf-dist/tex/latex/base/ts1enc.def))
(/usr/share/texlive/texmf-dist/tex/latex/base/fontenc.sty
(/usr/share/texlive/texmf-dist/tex/latex/base/t1enc.def))
(/usr/share/texlive/texmf-dist/tex/latex/psnfss/times.sty)
(/usr/share/texlive/texmf-dist/tex/latex/inconsolata/zi4.sty
`inconsolata-zi4' v1.112, 2017/01/04 Text macros for Inconsolata (msharpe)
(/usr/share/texlive/texmf-dist/tex/latex/xkeyval/xkeyval.sty
(/usr/share/texlive/texmf-dist/tex/generic/xkeyval/xkeyval.tex
(/usr/share/texlive/texmf-dist/tex/generic/xkeyval/xkvutils.tex
(/usr/share/texlive/texmf-dist/tex/generic/xkeyval/keyval.tex)))))
(/usr/share/texlive/texmf-dist/tex/latex/graphics/color.sty
(/usr/share/texlive/texmf-dist/tex/latex/graphics-cfg/color.cfg)
(/usr/share/texlive/texmf-dist/tex/latex/graphics-def/pdftex.def))
(/usr/share/texlive/texmf-dist/tex/latex/hyperref/hyperref.sty
(/usr/share/texlive/texmf-dist/tex/generic/oberdiek/hobsub-hyperref.sty
(/usr/share/texlive/texmf-dist/tex/generic/oberdiek/hobsub-generic.sty))
(/usr/share/texlive/texmf-dist/tex/generic/ifxetex/ifxetex.sty)
(/usr/share/texlive/texmf-dist/tex/latex/oberdiek/auxhook.sty)
(/usr/share/texlive/texmf-dist/tex/latex/oberdiek/kvoptions.sty)
(/usr/share/texlive/texmf-dist/tex/latex/hyperref/pd1enc.def)
(/usr/share/texlive/texmf-dist/tex/latex/latexconfig/hyperref.cfg))
(/usr/share/texlive/texmf-dist/tex/latex/hyperref/hpdftex.def
(/usr/share/texlive/texmf-dist/tex/latex/oberdiek/rerunfilecheck.sty))

Package hyperref Warning: Option `hyperindex' has already been used,
(hyperref)                setting the option has no effect on input line 366.


Package hyperref Warning: Option `pagebackref' has already been used,
(hyperref)                setting the option has no effect on input line 366.

) (/usr/share/texlive/texmf-dist/tex/latex/base/makeidx.sty)
(/usr/share/texlive/texmf-dist/tex/latex/base/inputenc.sty
(/usr/share/texlive/texmf-dist/tex/latex/base/utf8.def
(/usr/share/texlive/texmf-dist/tex/latex/base/t1enc.dfu)
(/usr/share/texlive/texmf-dist/tex/latex/base/ot1enc.dfu)
(/usr/share/texlive/texmf-dist/tex/latex/base/omsenc.dfu)
(/usr/share/texlive/texmf-dist/tex/latex/base/ts1enc.dfu)))
Writing index file Rd2.idx
(/tmp/Rtmpn1OFWp/Rd2pdf5ae96c29db83/Rd2.aux)
(/usr/share/texlive/texmf-dist/tex/latex/base/ts1cmr.fd)
(/usr/share/texlive/texmf-dist/tex/latex/psnfss/t1ptm.fd)
(/usr/share/texlive/texmf-dist/tex/context/base/mkii/supp-pdf.mkii
[Loading MPS to PDF converter (version 2006.09.02).]
) (/usr/share/texlive/texmf-dist/tex/latex/hyperref/nameref.sty
(/usr/share/texlive/texmf-dist/tex/generic/oberdiek/gettitlestring.sty))
(/tmp/Rtmpn1OFWp/Rd2pdf5ae96c29db83/Rd2.out)
(/tmp/Rtmpn1OFWp/Rd2pdf5ae96c29db83/Rd2.out)
(/usr/share/texlive/texmf-dist/tex/latex/base/utf8.def)
(/usr/share/texlive/texmf-dist/tex/latex/inconsolata/t1zi4.fd)
(/usr/share/texlive/texmf-dist/tex/latex/psnfss/t1phv.fd)
(/tmp/Rtmpn1OFWp/Rd2pdf5ae96c29db83/Rd2.toc [1{/var/lib/texmf/fonts/map/pdftex/
updmap/pdftex.map}]) (/usr/share/texlive/texmf-dist/tex/latex/base/utf8.def)
(/usr/share/texlive/texmf-dist/tex/latex/psnfss/ts1ptm.fd)
(/usr/share/texlive/texmf-dist/tex/latex/base/utf8.def)
Underfull \hbox (badness 1924) in paragraph at lines 69--69
[]\T1/ptm/m/it/10 Computes tem-po-ral au-to-cor-re-la-tion in a vec-tor, and re
-turns a
[2]
Overfull \hbox (2.25742pt too wide) in paragraph at lines 96--97
[]\T1/ptm/m/n/10 This func-tion com-putes tem-po-ral au-to-cor-re-la-tion of a 
given vec-tor us-ing [][]\T1/zi4/m/n/10 acf[][][]\T1/ptm/m/n/10 , and re-turns 
a dataframe
[3] (/usr/share/texlive/texmf-dist/tex/latex/base/utf8.def) [4] [5]
(/usr/share/texlive/texmf-dist/tex/latex/base/utf8.def)
Overfull \hbox (3.48709pt too wide) in paragraph at lines 255--256
[]\T1/ptm/m/n/10 character string or vec-tor of char-ac-ter strings with these 
pos-si-ble val-ues: "Pollen",

Overfull \hbox (27.03609pt too wide) in paragraph at lines 255--256
\T1/ptm/m/n/10 abil-ity", "Biomass.total", "Biomass.mature", "Biomass.immature"
, "Mor-tal-ity.mature",
[6] (/usr/share/texlive/texmf-dist/tex/latex/base/utf8.def) [7]
(/usr/share/texlive/texmf-dist/tex/latex/base/utf8.def)
(/usr/share/texlive/texmf-dist/tex/latex/base/utf8.def) [8]
(/usr/share/texlive/texmf-dist/tex/latex/base/utf8.def)
Overfull \hbox (16.09818pt too wide) in paragraph at lines 387--388
[]\T1/ptm/m/n/10 It con-verts all columns (but the \T1/zi4/m/n/10 label \T1/ptm
/m/n/10 one) of a pa-ram-e-ters dataframe cre-ated by [][]\T1/zi4/m/n/10 parame
tersDataframe[][][]
[9] (/usr/share/texlive/texmf-dist/tex/latex/base/utf8.def)
Overfull \hbox (16.91698pt too wide) in paragraph at lines 428--429
[]\T1/ptm/m/n/10 A dataframe with the pa-ram-e-ters of 4 vir-tual taxa. This da
taset was gen-er-ated by [][]\T1/zi4/m/n/10 parametersDataframe[][][]
[10] (/usr/share/texlive/texmf-dist/tex/latex/base/utf8.def) [11]
(/usr/share/texlive/texmf-dist/tex/latex/base/utf8.def)
Overfull \hbox (41.27724pt too wide) in paragraph at lines 542--543
[]\T1/ptm/m/n/10 Generates the dataframe struc-ture needed to con-tain the pa-r
am-e-ters used as in-put for the [][]\T1/zi4/m/n/10 simulatePopulation[][][]
[12] [13] (/usr/share/texlive/texmf-dist/tex/latex/base/utf8.def) [14]
(/usr/share/texlive/texmf-dist/tex/latex/base/utf8.def) [15]
(/usr/share/texlive/texmf-dist/tex/latex/base/utf8.def) [16] [17]
(/usr/share/texlive/texmf-dist/tex/latex/base/utf8.def) [18]
(/usr/share/texlive/texmf-dist/tex/latex/base/utf8.def)
Overfull \hbox (48.61838pt too wide) in paragraph at lines 882--883
\T1/zi4/m/n/10 output.max\T1/ptm/m/n/10 . The out-put of this func-tion is in-t
ended to be used as an in-put to the func-tion [][]\T1/zi4/m/n/10 simulatePopul
ation[][][]\T1/ptm/m/n/10 .
[19]
Overfull \hbox (17.408pt too wide) in paragraph at lines 906--907
[]\T1/ptm/m/n/10 numeric, min-i-mum value of the out-put time se-ries. Used as 
in-put for[][]\T1/zi4/m/n/10 rescaleVector[][][]\T1/ptm/m/n/10 .

Overfull \hbox (20.96808pt too wide) in paragraph at lines 908--909
[]\T1/ptm/m/n/10 numeric, max-i-mum value of the out-put time se-ries. Used as 
in-put for [][]\T1/zi4/m/n/10 rescaleVector[][][]\T1/ptm/m/n/10 .

Overfull \hbox (30.3276pt too wide) in paragraph at lines 915--916
\T1/ptm/m/n/10 sired tem-po-ral au-to-cor-re-la-tion are ap-prox-i-mate, but de
-vi-a-tion be-comes higher if \T1/zi4/m/n/10 autocorrelation.length
[20] (/usr/share/texlive/texmf-dist/tex/latex/base/utf8.def) [21] [22]
(/usr/share/texlive/texmf-dist/tex/latex/base/utf8.def)
Overfull \hbox (46.20764pt too wide) in paragraph at lines 1035--1036
[]\T1/ptm/m/n/10 This func-tion takes as in-put a dataframe of pa-ram-e-ters de
fin-ing vir-tual taxa pro-duced by [][]\T1/zi4/m/n/10 parametersDataframe[][][]


Overfull \hbox (6.93987pt too wide) in paragraph at lines 1035--1036
\T1/ptm/m/n/10 and [][]\T1/zi4/m/n/10 fixParametersTypes[][][]\T1/ptm/m/n/10 , 
a driver or drivers gen-er-ated with [][]\T1/zi4/m/n/10 simulateDriver[][][] \T
1/ptm/m/n/10 or [][]\T1/zi4/m/n/10 simulateDriverS[][][]\T1/ptm/m/n/10 ,
[23]
Overfull \hbox (11.08891pt too wide) in paragraph at lines 1073--1074
[]\T1/ptm/m/n/10 dataframe with drivers pro-duced by [][]\T1/zi4/m/n/10 simulat
eDriverS[][][]\T1/ptm/m/n/10 . It should have the columns: 
[24] [25] (/usr/share/texlive/texmf-dist/tex/latex/base/utf8.def)
(/usr/share/texlive/texmf-dist/tex/latex/base/utf8.def) [26]
Overfull \hbox (74.27557pt too wide) in paragraph at lines 1232--1233
\T1/ptm/m/n/10 "Pop-u-la-tion.viable.seeds", "Suit-abil-ity", "Biomass.total", 
"Biomass.mature", "Biomass.immature",

Overfull \hbox (41.33887pt too wide) in paragraph at lines 1237--1238
[]\T1/ptm/m/n/10 This func-tion fits a [][]\T1/zi4/m/n/10 loess[][][] \T1/ptm/m
/n/10 model of the form \T1/zi4/m/n/10 y ~ x\T1/ptm/m/n/10 , where \T1/zi4/m/n/
10 y \T1/ptm/m/n/10 is any col-umn given by \T1/zi4/m/n/10 columns.to.interpola
te

Overfull \hbox (28.57014pt too wide) in paragraph at lines 1237--1238
\T1/ptm/m/n/10 turned by [][]\T1/zi4/m/n/10 aggregateSimulation[][][] \T1/ptm/m
/n/10 (on re-sults of [][]\T1/zi4/m/n/10 simulateAccumulationRate[][][] \T1/ptm
/m/n/10 and [][]\T1/zi4/m/n/10 simulatePopulation[][][]\T1/ptm/m/n/10 ),
[27] [28] (/tmp/Rtmpn1OFWp/Rd2pdf5ae96c29db83/Rd2.ind [29] [30])
(/tmp/Rtmpn1OFWp/Rd2pdf5ae96c29db83/Rd2.aux) )
(see the transcript file for additional information)pdfTeX warning (dest): name
{Rfn.loess} has been referenced but does not exist, replaced by a fixed one

pdfTeX warning (dest): name{Rfn.set.seed} has been referenced but does not exis
t, replaced by a fixed one

pdfTeX warning (dest): name{Rfn.ggplot2} has been referenced but does not exist
, replaced by a fixed one

pdfTeX warning (dest): name{Rfn.acf} has been referenced but does not exist, re
placed by a fixed one

{/usr/share/texlive/texmf-dist/fonts/enc/dvips/base/8r.enc}{/usr/share/texlive/
texmf-dist/fonts/enc/dvips/inconsolata/i4-t1-0.enc}</usr/share/texlive/texmf-di
st/fonts/type1/public/inconsolata/Inconsolata-zi4r.pfb></usr/share/texlive/texm
f-dist/fonts/type1/public/amsfonts/cm/cmex10.pfb></usr/share/texlive/texmf-dist
/fonts/type1/public/amsfonts/cm/cmmi10.pfb></usr/share/texlive/texmf-dist/fonts
/type1/public/amsfonts/cm/cmmi7.pfb></usr/share/texlive/texmf-dist/fonts/type1/
public/amsfonts/cm/cmr10.pfb></usr/share/texlive/texmf-dist/fonts/type1/public/
amsfonts/cm/cmsy10.pfb></usr/share/texlive/texmf-dist/fonts/type1/urw/helvetic/
uhvr8a.pfb></usr/share/texlive/texmf-dist/fonts/type1/urw/times/utmb8a.pfb></us
r/share/texlive/texmf-dist/fonts/type1/urw/times/utmr8a.pfb></usr/share/texlive
/texmf-dist/fonts/type1/urw/times/utmr8a.pfb></usr/share/texlive/texmf-dist/fon
ts/type1/urw/times/utmri8a.pfb>
Output written on Rd2.pdf (30 pages, 184259 bytes).
Transcript written on Rd2.log.
Saving output to ‘virtualPollen-manual.pdf’ ...
Done
You may want to clean up by 'rm -Rf /tmp/Rtmpn1OFWp/Rd2pdf5ae96c29db83'
