\BOOKMARK [1][-]{Rfn.acfToDf.1}{acfToDf}{}% 1
\BOOKMARK [1][-]{Rfn.aggregateSimulation.1}{aggregateSimulation}{}% 2
\BOOKMARK [1][-]{Rfn.compareSimulations.1}{compareSimulations}{}% 3
\BOOKMARK [1][-]{Rfn.driverA.1}{driverA}{}% 4
\BOOKMARK [1][-]{Rfn.driverB.1}{driverB}{}% 5
\BOOKMARK [1][-]{Rfn.drivers.1}{drivers}{}% 6
\BOOKMARK [1][-]{Rfn.fixParametersTypes.1}{fixParametersTypes}{}% 7
\BOOKMARK [1][-]{Rfn.parameters.1}{parameters}{}% 8
\BOOKMARK [1][-]{Rfn.parametersCheck.1}{parametersCheck}{}% 9
\BOOKMARK [1][-]{Rfn.parametersDataframe.1}{parametersDataframe}{}% 10
\BOOKMARK [1][-]{Rfn.plotAcf.1}{plotAcf}{}% 11
\BOOKMARK [1][-]{Rfn.plotSimulation.1}{plotSimulation}{}% 12
\BOOKMARK [1][-]{Rfn.rescaleVector.1}{rescaleVector}{}% 13
\BOOKMARK [1][-]{Rfn.simulateAccumulationRate.1}{simulateAccumulationRate}{}% 14
\BOOKMARK [1][-]{Rfn.simulateDriver.1}{simulateDriver}{}% 15
\BOOKMARK [1][-]{Rfn.simulatePopulation.1}{simulatePopulation}{}% 16
\BOOKMARK [1][-]{Rfn.simulation.1}{simulation}{}% 17
\BOOKMARK [1][-]{Rfn.toRegularTime.1}{toRegularTime}{}% 18
\BOOKMARK [1][-]{Rfn..Rpcent.not.Rdash.in.Rpcent..1}{\045not-in\045}{}% 19
\BOOKMARK [0][-]{index.0}{Index}{}% 20
